[0.090s] Invoking command in '/home/student/git/pfms-2024a-Didi416/quizzes/quiz5/a1/build/quiz5': AMENT_PREFIX_PATH=/home/student/git/pfms-2024a-Didi416/quizzes/quiz5/a1/install/quiz5:${AMENT_PREFIX_PATH} CMAKE_PREFIX_PATH=/home/student/git/pfms-2024a-Didi416/quizzes/quiz5/a1/install/quiz5:${CMAKE_PREFIX_PATH} /usr/bin/ctest -C Release -D ExperimentalTest --no-compress-output -V --force-new-ctest-process
[0.097s] UpdateCTestConfiguration  from :/home/student/git/pfms-2024a-Didi416/quizzes/quiz5/a1/build/quiz5/CTestConfiguration.ini
[0.098s] Parse Config file:/home/student/git/pfms-2024a-Didi416/quizzes/quiz5/a1/build/quiz5/CTestConfiguration.ini
[0.098s]    Site: labNVXMF8
[0.098s]    Build name: (empty)
[0.098s]  Add coverage exclude regular expressions.
[0.098s] Create new tag: 20240505-0509 - Experimental
[0.098s] UpdateCTestConfiguration  from :/home/student/git/pfms-2024a-Didi416/quizzes/quiz5/a1/build/quiz5/CTestConfiguration.ini
[0.098s] Parse Config file:/home/student/git/pfms-2024a-Didi416/quizzes/quiz5/a1/build/quiz5/CTestConfiguration.ini
[0.099s] Test project /home/student/git/pfms-2024a-Didi416/quizzes/quiz5/a1/build/quiz5
[0.099s] Constructing a list of tests
[0.099s] Done constructing a list of tests
[0.099s] Updating test list for fixtures
[0.099s] Added 0 tests to meet fixture requirements
[0.099s] Checking test dependency graph...
[0.099s] Checking test dependency graph end
[0.100s] test 1
[0.100s]     Start 1: test_quiz5_a1
[0.100s] 
[0.100s] 1: Test command: /usr/bin/python3.10 "-u" "/opt/ros/humble/share/ament_cmake_ros/cmake/run_test_isolated.py" "/home/student/git/pfms-2024a-Didi416/quizzes/quiz5/a1/build/quiz5/test_results/quiz5/test_quiz5_a1.gtest.xml" "--package-name" "quiz5" "--output-file" "/home/student/git/pfms-2024a-Didi416/quizzes/quiz5/a1/build/quiz5/ament_cmake_gtest/test_quiz5_a1.txt" "--command" "/home/student/git/pfms-2024a-Didi416/quizzes/quiz5/a1/build/quiz5/test_quiz5_a1" "--gtest_output=xml:/home/student/git/pfms-2024a-Didi416/quizzes/quiz5/a1/build/quiz5/test_results/quiz5/test_quiz5_a1.gtest.xml"
[0.100s] 1: Test timeout computed to be: 60
[0.167s] 1: Running with ROS_DOMAIN_ID 1
[0.169s] 1: -- run_test.py: invoking following command in '/home/student/git/pfms-2024a-Didi416/quizzes/quiz5/a1/build/quiz5':
[0.169s] 1:  - /home/student/git/pfms-2024a-Didi416/quizzes/quiz5/a1/build/quiz5/test_quiz5_a1 --gtest_output=xml:/home/student/git/pfms-2024a-Didi416/quizzes/quiz5/a1/build/quiz5/test_results/quiz5/test_quiz5_a1.gtest.xml
[0.175s] 1: Running main() from /opt/ros/humble/src/gtest_vendor/src/gtest_main.cc
[0.175s] 1: [==========] Running 4 tests from 1 test suite.
[0.176s] 1: [----------] Global test environment set-up.
[0.176s] 1: [----------] 4 tests from LaserProcessing
[0.176s] 1: [ RUN      ] LaserProcessing.CountReturns
[0.178s] 1: [INFO] [1714885793.469532146] [rosbag2_storage]: Opened database '/home/student/git/pfms-2024a-Didi416/quizzes/quiz5/a1/install/quiz5/share/quiz5/data/ros2/ros2.db3' for READ_ONLY.
[0.186s] 1: [       OK ] LaserProcessing.CountReturns (10 ms)
[0.186s] 1: [ RUN      ] LaserProcessing.CountSegments
[0.189s] 1: [INFO] [1714885793.480062720] [rosbag2_storage]: Opened database '/home/student/git/pfms-2024a-Didi416/quizzes/quiz5/a1/install/quiz5/share/quiz5/data/ros2/ros2.db3' for READ_ONLY.
[0.189s] 1: [       OK ] LaserProcessing.CountSegments (4 ms)
[0.190s] 1: [ RUN      ] LaserProcessing.DetectClosestCone
[0.192s] 1: [INFO] [1714885793.483304574] [rosbag2_storage]: Opened database '/home/student/git/pfms-2024a-Didi416/quizzes/quiz5/a1/install/quiz5/share/quiz5/data/ros2/ros2.db3' for READ_ONLY.
[0.193s] 1: [       OK ] LaserProcessing.DetectClosestCone (3 ms)
[0.193s] 1: [ RUN      ] LaserProcessing.FindRoad
[0.196s] 1: [INFO] [1714885793.486298623] [rosbag2_storage]: Opened database '/home/student/git/pfms-2024a-Didi416/quizzes/quiz5/a1/install/quiz5/share/quiz5/data/ros2/ros2.db3' for READ_ONLY.
[0.196s] 1: Start 
[0.197s] 1: Hi 
[0.197s] 1: Hello 
[0.197s] 1: 0
[0.197s] 1: Hello 
[0.197s] 1: 11.5319
[0.197s] 1: Hello 
[0.197s] 1: 23.0266
[0.197s] 1: Hello 
[0.197s] 1: 23.7486
[0.197s] 1: Hello 
[0.198s] 1: 13.6715
[0.198s] 1: Hello 
[0.198s] 1: 7.89541
[0.198s] 1: Road found 
[0.198s] 1: Hello 
[0.198s] 1: 27.8788
[0.198s] 1: Hi 
[0.198s] 1: Hello 
[0.199s] 1: 11.5319
[0.199s] 1: Hello 
[0.199s] 1: 0
[0.199s] 1: Hello 
[0.199s] 1: 11.5099
[0.199s] 1: Hello 
[0.199s] 1: 13.2407
[0.199s] 1: Hello 
[0.199s] 1: 7.94292
[0.200s] 1: Road found 
[0.200s] 1: Hello 
[0.200s] 1: 14.1725
[0.200s] 1: Hello 
[0.200s] 1: 27.9246
[0.200s] 1: Hi 
[0.200s] 1: Hello 
[0.200s] 1: 23.0266
[0.200s] 1: Hello 
[0.200s] 1: 11.5099
[0.201s] 1: Hello 
[0.201s] 1: 0
[0.201s] 1: Hello 
[0.201s] 1: 8.08288
[0.201s] 1: Road found 
[0.201s] 1: Hello 
[0.201s] 1: 14.7623
[0.201s] 1: Hello 
[0.201s] 1: 24.835
[0.201s] 1: Hello 
[0.201s] 1: 33.0565
[0.201s] 1: Hi 
[0.201s] 1: Hello 
[0.201s] 1: 23.7486
[0.201s] 1: Hello 
[0.202s] 1: 13.2407
[0.202s] 1: Hello 
[0.202s] 1: 8.08288
[0.202s] 1: Road found 
[0.202s] 1: Hello 
[0.202s] 1: 0
[0.202s] 1: Hello 
[0.202s] 1: 11.5047
[0.202s] 1: Hello 
[0.202s] 1: 22.8677
[0.202s] 1: Hello 
[0.202s] 1: 26.2708
[0.202s] 1: Hi 
[0.202s] 1: Hello 
[0.202s] 1: 13.6715
[0.203s] 1: Hello 
[0.203s] 1: 7.94292
[0.203s] 1: Road found 
[0.203s] 1: Hello 
[0.203s] 1: 14.7623
[0.203s] 1: Hello 
[0.203s] 1: 11.5047
[0.203s] 1: Hello 
[0.203s] 1: 0
[0.203s] 1: Hello 
[0.203s] 1: 11.3746
[0.203s] 1: Hello 
[0.203s] 1: 20.1265
[0.203s] 1: Hi 
[0.204s] 1: Hello 
[0.204s] 1: 7.89541
[0.204s] 1: Road found 
[0.204s] 1: Hello 
[0.204s] 1: 14.1725
[0.204s] 1: Hello 
[0.204s] 1: 24.835
[0.204s] 1: Hello 
[0.204s] 1: 22.8677
[0.204s] 1: Hello 
[0.204s] 1: 11.3746
[0.204s] 1: Hello 
[0.204s] 1: 0
[0.204s] 1: Hello 
[0.204s] 1: 20.283
[0.205s] 1: Hi 
[0.205s] 1: Hello 
[0.205s] 1: 27.8788
[0.205s] 1: Hello 
[0.205s] 1: 27.9246
[0.205s] 1: Hello 
[0.205s] 1: 33.0565
[0.205s] 1: Hello 
[0.205s] 1: 26.2708
[0.205s] 1: Hello 
[0.205s] 1: 20.1265
[0.205s] 1: Hello 
[0.205s] 1: 20.283
[0.205s] 1: Hello 
[0.205s] 1: 0
[0.206s] 1: /home/student/git/pfms-2024a-Didi416/quizzes/quiz5/a1/test/utest.cpp:166: Failure
[0.206s] 1: The difference between pt.x and 2.04752 is 2.04752, which exceeds 0.1, where
[0.206s] 1: pt.x evaluates to 0,
[0.206s] 1: 2.04752 evaluates to 2.04752, and
[0.206s] 1: 0.1 evaluates to 0.10000000000000001.
[0.206s] 1: /home/student/git/pfms-2024a-Didi416/quizzes/quiz5/a1/test/utest.cpp:167: Failure
[0.206s] 1: The difference between pt.y and -3.67013 is 3.6701299999999999, which exceeds 0.1, where
[0.206s] 1: pt.y evaluates to 0,
[0.206s] 1: -3.67013 evaluates to -3.6701299999999999, and
[0.206s] 1: 0.1 evaluates to 0.10000000000000001.
[0.206s] 1: [  FAILED  ] LaserProcessing.FindRoad (3 ms)
[0.206s] 1: [----------] 4 tests from LaserProcessing (20 ms total)
[0.206s] 1: 
[0.206s] 1: [----------] Global test environment tear-down
[0.206s] 1: [==========] 4 tests from 1 test suite ran. (20 ms total)
[0.207s] 1: [  PASSED  ] 3 tests.
[0.207s] 1: [  FAILED  ] 1 test, listed below:
[0.207s] 1: [  FAILED  ] LaserProcessing.FindRoad
[0.207s] 1: 
[0.207s] 1:  1 FAILED TEST
[0.207s] 1: -- run_test.py: return code 1
[0.207s] 1: -- run_test.py: inject classname prefix into gtest result file '/home/student/git/pfms-2024a-Didi416/quizzes/quiz5/a1/build/quiz5/test_results/quiz5/test_quiz5_a1.gtest.xml'
[0.207s] 1: -- run_test.py: verify result file '/home/student/git/pfms-2024a-Didi416/quizzes/quiz5/a1/build/quiz5/test_results/quiz5/test_quiz5_a1.gtest.xml'
[0.208s] 1/1 Test #1: test_quiz5_a1 ....................***Failed    0.11 sec
[0.209s] 
[0.209s] 0% tests passed[0;0m, [0;31m1 tests failed[0;0m out of 1
[0.209s] 
[0.209s] Label Time Summary:
[0.209s] gtest    =   0.11 sec*proc (1 test)
[0.209s] 
[0.209s] Total Test time (real) =   0.11 sec
[0.209s] 
[0.209s] The following tests FAILED:
[0.209s] 	[0;31m  1 - test_quiz5_a1 (Failed)[0;0m
[0.210s] Errors while running CTest
[0.210s] Output from these tests are in: /home/student/git/pfms-2024a-Didi416/quizzes/quiz5/a1/build/quiz5/Testing/Temporary/LastTest.log
[0.210s] Use "--rerun-failed --output-on-failure" to re-run the failed cases verbosely.
[0.212s] Invoked command in '/home/student/git/pfms-2024a-Didi416/quizzes/quiz5/a1/build/quiz5' returned '8': AMENT_PREFIX_PATH=/home/student/git/pfms-2024a-Didi416/quizzes/quiz5/a1/install/quiz5:${AMENT_PREFIX_PATH} CMAKE_PREFIX_PATH=/home/student/git/pfms-2024a-Didi416/quizzes/quiz5/a1/install/quiz5:${CMAKE_PREFIX_PATH} /usr/bin/ctest -C Release -D ExperimentalTest --no-compress-output -V --force-new-ctest-process
