[0.096s] Invoking command in '/home/student/git/pfms-2024a-Didi416/quizzes/quiz5/a1/build/quiz5': AMENT_PREFIX_PATH=/home/student/git/pfms-2024a-Didi416/quizzes/quiz5/a1/install/quiz5:${AMENT_PREFIX_PATH} CMAKE_PREFIX_PATH=/home/student/git/pfms-2024a-Didi416/quizzes/quiz5/a1/install/quiz5:${CMAKE_PREFIX_PATH} /usr/bin/ctest -C Release -D ExperimentalTest --no-compress-output -V --force-new-ctest-process
[0.104s] UpdateCTestConfiguration  from :/home/student/git/pfms-2024a-Didi416/quizzes/quiz5/a1/build/quiz5/CTestConfiguration.ini
[0.104s] Parse Config file:/home/student/git/pfms-2024a-Didi416/quizzes/quiz5/a1/build/quiz5/CTestConfiguration.ini
[0.105s]    Site: labNVXMF8
[0.105s]    Build name: (empty)
[0.105s]  Add coverage exclude regular expressions.
[0.105s] Create new tag: 20240505-0510 - Experimental
[0.105s] UpdateCTestConfiguration  from :/home/student/git/pfms-2024a-Didi416/quizzes/quiz5/a1/build/quiz5/CTestConfiguration.ini
[0.106s] Parse Config file:/home/student/git/pfms-2024a-Didi416/quizzes/quiz5/a1/build/quiz5/CTestConfiguration.ini
[0.106s] Test project /home/student/git/pfms-2024a-Didi416/quizzes/quiz5/a1/build/quiz5
[0.106s] Constructing a list of tests
[0.106s] Done constructing a list of tests
[0.106s] Updating test list for fixtures
[0.106s] Added 0 tests to meet fixture requirements
[0.106s] Checking test dependency graph...
[0.106s] Checking test dependency graph end
[0.107s] test 1
[0.107s]     Start 1: test_quiz5_a1
[0.107s] 
[0.107s] 1: Test command: /usr/bin/python3.10 "-u" "/opt/ros/humble/share/ament_cmake_ros/cmake/run_test_isolated.py" "/home/student/git/pfms-2024a-Didi416/quizzes/quiz5/a1/build/quiz5/test_results/quiz5/test_quiz5_a1.gtest.xml" "--package-name" "quiz5" "--output-file" "/home/student/git/pfms-2024a-Didi416/quizzes/quiz5/a1/build/quiz5/ament_cmake_gtest/test_quiz5_a1.txt" "--command" "/home/student/git/pfms-2024a-Didi416/quizzes/quiz5/a1/build/quiz5/test_quiz5_a1" "--gtest_output=xml:/home/student/git/pfms-2024a-Didi416/quizzes/quiz5/a1/build/quiz5/test_results/quiz5/test_quiz5_a1.gtest.xml"
[0.107s] 1: Test timeout computed to be: 60
[0.175s] 1: Running with ROS_DOMAIN_ID 1
[0.177s] 1: -- run_test.py: invoking following command in '/home/student/git/pfms-2024a-Didi416/quizzes/quiz5/a1/build/quiz5':
[0.177s] 1:  - /home/student/git/pfms-2024a-Didi416/quizzes/quiz5/a1/build/quiz5/test_quiz5_a1 --gtest_output=xml:/home/student/git/pfms-2024a-Didi416/quizzes/quiz5/a1/build/quiz5/test_results/quiz5/test_quiz5_a1.gtest.xml
[0.183s] 1: Running main() from /opt/ros/humble/src/gtest_vendor/src/gtest_main.cc
[0.183s] 1: [==========] Running 4 tests from 1 test suite.
[0.183s] 1: [----------] Global test environment set-up.
[0.183s] 1: [----------] 4 tests from LaserProcessing
[0.183s] 1: [ RUN      ] LaserProcessing.CountReturns
[0.186s] 1: [INFO] [1714885844.849035264] [rosbag2_storage]: Opened database '/home/student/git/pfms-2024a-Didi416/quizzes/quiz5/a1/install/quiz5/share/quiz5/data/ros2/ros2.db3' for READ_ONLY.
[0.192s] 1: [       OK ] LaserProcessing.CountReturns (10 ms)
[0.192s] 1: [ RUN      ] LaserProcessing.CountSegments
[0.195s] 1: [INFO] [1714885844.858064512] [rosbag2_storage]: Opened database '/home/student/git/pfms-2024a-Didi416/quizzes/quiz5/a1/install/quiz5/share/quiz5/data/ros2/ros2.db3' for READ_ONLY.
[0.195s] 1: [       OK ] LaserProcessing.CountSegments (3 ms)
[0.195s] 1: [ RUN      ] LaserProcessing.DetectClosestCone
[0.198s] 1: [INFO] [1714885844.861110062] [rosbag2_storage]: Opened database '/home/student/git/pfms-2024a-Didi416/quizzes/quiz5/a1/install/quiz5/share/quiz5/data/ros2/ros2.db3' for READ_ONLY.
[0.198s] 1: [       OK ] LaserProcessing.DetectClosestCone (3 ms)
[0.198s] 1: [ RUN      ] LaserProcessing.FindRoad
[0.201s] 1: [INFO] [1714885844.864166312] [rosbag2_storage]: Opened database '/home/student/git/pfms-2024a-Didi416/quizzes/quiz5/a1/install/quiz5/share/quiz5/data/ros2/ros2.db3' for READ_ONLY.
[0.201s] 1: Start 
[0.201s] 1: Road found 
[0.202s] 1: Road found 
[0.202s] 1: Road found 
[0.202s] 1: Road found 
[0.202s] 1: Road found 
[0.202s] 1: Road found 
[0.202s] 1: /home/student/git/pfms-2024a-Didi416/quizzes/quiz5/a1/test/utest.cpp:166: Failure
[0.202s] 1: The difference between pt.x and 2.04752 is 2.04752, which exceeds 0.1, where
[0.202s] 1: pt.x evaluates to 0,
[0.202s] 1: 2.04752 evaluates to 2.04752, and
[0.203s] 1: 0.1 evaluates to 0.10000000000000001.
[0.203s] 1: /home/student/git/pfms-2024a-Didi416/quizzes/quiz5/a1/test/utest.cpp:167: Failure
[0.203s] 1: The difference between pt.y and -3.67013 is 3.6701299999999999, which exceeds 0.1, where
[0.203s] 1: pt.y evaluates to 0,
[0.203s] 1: -3.67013 evaluates to -3.6701299999999999, and
[0.203s] 1: 0.1 evaluates to 0.10000000000000001.
[0.203s] 1: [  FAILED  ] LaserProcessing.FindRoad (3 ms)
[0.203s] 1: [----------] 4 tests from LaserProcessing (19 ms total)
[0.204s] 1: 
[0.204s] 1: [----------] Global test environment tear-down
[0.204s] 1: [==========] 4 tests from 1 test suite ran. (19 ms total)
[0.204s] 1: [  PASSED  ] 3 tests.
[0.204s] 1: [  FAILED  ] 1 test, listed below:
[0.204s] 1: [  FAILED  ] LaserProcessing.FindRoad
[0.204s] 1: 
[0.204s] 1:  1 FAILED TEST
[0.205s] 1: -- run_test.py: return code 1
[0.207s] 1: -- run_test.py: inject classname prefix into gtest result file '/home/student/git/pfms-2024a-Didi416/quizzes/quiz5/a1/build/quiz5/test_results/quiz5/test_quiz5_a1.gtest.xml'
[0.207s] 1: -- run_test.py: verify result file '/home/student/git/pfms-2024a-Didi416/quizzes/quiz5/a1/build/quiz5/test_results/quiz5/test_quiz5_a1.gtest.xml'
[0.216s] 1/1 Test #1: test_quiz5_a1 ....................***Failed    0.11 sec
[0.216s] 
[0.216s] 0% tests passed[0;0m, [0;31m1 tests failed[0;0m out of 1
[0.217s] 
[0.217s] Label Time Summary:
[0.217s] gtest    =   0.11 sec*proc (1 test)
[0.217s] 
[0.217s] Total Test time (real) =   0.11 sec
[0.217s] 
[0.217s] The following tests FAILED:
[0.217s] 	[0;31m  1 - test_quiz5_a1 (Failed)[0;0m
[0.218s] Errors while running CTest
[0.218s] Output from these tests are in: /home/student/git/pfms-2024a-Didi416/quizzes/quiz5/a1/build/quiz5/Testing/Temporary/LastTest.log
[0.218s] Use "--rerun-failed --output-on-failure" to re-run the failed cases verbosely.
[0.220s] Invoked command in '/home/student/git/pfms-2024a-Didi416/quizzes/quiz5/a1/build/quiz5' returned '8': AMENT_PREFIX_PATH=/home/student/git/pfms-2024a-Didi416/quizzes/quiz5/a1/install/quiz5:${AMENT_PREFIX_PATH} CMAKE_PREFIX_PATH=/home/student/git/pfms-2024a-Didi416/quizzes/quiz5/a1/install/quiz5:${CMAKE_PREFIX_PATH} /usr/bin/ctest -C Release -D ExperimentalTest --no-compress-output -V --force-new-ctest-process
