UpdateCTestConfiguration  from :/home/student/git/pfms-2024a-Didi416/quizzes/quiz5/a1/build/quiz5/CTestConfiguration.ini
Parse Config file:/home/student/git/pfms-2024a-Didi416/quizzes/quiz5/a1/build/quiz5/CTestConfiguration.ini
   Site: labNVXMF8
   Build name: (empty)
 Add coverage exclude regular expressions.
Create new tag: 20240504-0709 - Experimental
UpdateCTestConfiguration  from :/home/student/git/pfms-2024a-Didi416/quizzes/quiz5/a1/build/quiz5/CTestConfiguration.ini
Parse Config file:/home/student/git/pfms-2024a-Didi416/quizzes/quiz5/a1/build/quiz5/CTestConfiguration.ini
Test project /home/student/git/pfms-2024a-Didi416/quizzes/quiz5/a1/build/quiz5
Constructing a list of tests
Done constructing a list of tests
Updating test list for fixtures
Added 0 tests to meet fixture requirements
Checking test dependency graph...
Checking test dependency graph end
test 1
    Start 1: test_quiz5_a1

1: Test command: /usr/bin/python3.10 "-u" "/opt/ros/humble/share/ament_cmake_ros/cmake/run_test_isolated.py" "/home/student/git/pfms-2024a-Didi416/quizzes/quiz5/a1/build/quiz5/test_results/quiz5/test_quiz5_a1.gtest.xml" "--package-name" "quiz5" "--output-file" "/home/student/git/pfms-2024a-Didi416/quizzes/quiz5/a1/build/quiz5/ament_cmake_gtest/test_quiz5_a1.txt" "--command" "/home/student/git/pfms-2024a-Didi416/quizzes/quiz5/a1/build/quiz5/test_quiz5_a1" "--gtest_output=xml:/home/student/git/pfms-2024a-Didi416/quizzes/quiz5/a1/build/quiz5/test_results/quiz5/test_quiz5_a1.gtest.xml"
1: Test timeout computed to be: 60
1: Running with ROS_DOMAIN_ID 1
1: -- run_test.py: invoking following command in '/home/student/git/pfms-2024a-Didi416/quizzes/quiz5/a1/build/quiz5':
1:  - /home/student/git/pfms-2024a-Didi416/quizzes/quiz5/a1/build/quiz5/test_quiz5_a1 --gtest_output=xml:/home/student/git/pfms-2024a-Didi416/quizzes/quiz5/a1/build/quiz5/test_results/quiz5/test_quiz5_a1.gtest.xml
1: Running main() from /opt/ros/humble/src/gtest_vendor/src/gtest_main.cc
1: [==========] Running 3 tests from 1 test suite.
1: [----------] Global test environment set-up.
1: [----------] 3 tests from LaserProcessing
1: [ RUN      ] LaserProcessing.CountReturns
1: [INFO] [1714806542.879225564] [rosbag2_storage]: Opened database '/home/student/git/pfms-2024a-Didi416/quizzes/quiz5/a1/install/quiz5/share/quiz5/data/ros2/ros2.db3' for READ_ONLY.
1: [       OK ] LaserProcessing.CountReturns (9 ms)
1: [ RUN      ] LaserProcessing.CountSegments
1: [INFO] [1714806542.888267956] [rosbag2_storage]: Opened database '/home/student/git/pfms-2024a-Didi416/quizzes/quiz5/a1/install/quiz5/share/quiz5/data/ros2/ros2.db3' for READ_ONLY.
1: 2
1: 3
1: 4
1: 5
1: 6
1: 7
1: 8
1: 9
1: 10
1: 11
1: 12
1: 13
1: 14
1: 15
1: 16
1: 17
1: 18
1: 19
1: 20
1: 21
1: 22
1: 23
1: 24
1: 25
1: 26
1: 27
1: 28
1: 29
1: 30
1: 31
1: 32
1: 33
1: 34
1: /home/student/git/pfms-2024a-Didi416/quizzes/quiz5/a1/test/utest.cpp:89: Failure
1: Expected equality of these values:
1:   segments
1:     Which is: 34
1:   7
1: [  FAILED  ] LaserProcessing.CountSegments (3 ms)
1: [ RUN      ] LaserProcessing.DetectClosestCone
1: [INFO] [1714806542.891558490] [rosbag2_storage]: Opened database '/home/student/git/pfms-2024a-Didi416/quizzes/quiz5/a1/install/quiz5/share/quiz5/data/ros2/ros2.db3' for READ_ONLY.
1: /home/student/git/pfms-2024a-Didi416/quizzes/quiz5/a1/test/utest.cpp:127: Failure
1: The difference between pt.x and 2.04752 is 2.04752, which exceeds 0.1, where
1: pt.x evaluates to 0,
1: 2.04752 evaluates to 2.04752, and
1: 0.1 evaluates to 0.10000000000000001.
1: /home/student/git/pfms-2024a-Didi416/quizzes/quiz5/a1/test/utest.cpp:128: Failure
1: The difference between pt.y and -3.67013 is 3.6701299999999999, which exceeds 0.1, where
1: pt.y evaluates to 0,
1: -3.67013 evaluates to -3.6701299999999999, and
1: 0.1 evaluates to 0.10000000000000001.
1: [  FAILED  ] LaserProcessing.DetectClosestCone (3 ms)
1: [----------] 3 tests from LaserProcessing (15 ms total)
1: 
1: [----------] Global test environment tear-down
1: [==========] 3 tests from 1 test suite ran. (15 ms total)
1: [  PASSED  ] 1 test.
1: [  FAILED  ] 2 tests, listed below:
1: [  FAILED  ] LaserProcessing.CountSegments
1: [  FAILED  ] LaserProcessing.DetectClosestCone
1: 
1:  2 FAILED TESTS
1: -- run_test.py: return code 1
1: -- run_test.py: inject classname prefix into gtest result file '/home/student/git/pfms-2024a-Didi416/quizzes/quiz5/a1/build/quiz5/test_results/quiz5/test_quiz5_a1.gtest.xml'
1: -- run_test.py: verify result file '/home/student/git/pfms-2024a-Didi416/quizzes/quiz5/a1/build/quiz5/test_results/quiz5/test_quiz5_a1.gtest.xml'
1/1 Test #1: test_quiz5_a1 ....................***Failed    0.11 sec

0% tests passed[0;0m, [0;31m1 tests failed[0;0m out of 1

Label Time Summary:
gtest    =   0.11 sec*proc (1 test)

Total Test time (real) =   0.11 sec

The following tests FAILED:
	[0;31m  1 - test_quiz5_a1 (Failed)[0;0m
